<?xml version="1.0" encoding="UTF-8"?>
<!-- Generated by org.testng.reporters.JUnitReportReporter -->
<testsuite hostname="NDADEVPC158" name="com.qa.automation.tests.LoginTest" tests="3" failures="0" timestamp="3 Apr 2019 13:00:48 GMT" time="2.132" errors="0">
  <testcase name="loginWithCorrectCredentials" time="0.072" classname="com.qa.automation.tests.LoginTest"/>
  <testcase name="loginWithInvalidUser" time="2.059" classname="com.qa.automation.tests.LoginTest"/>
  <testcase name="loginWithInvalidPassword" time="0.001" classname="com.qa.automation.tests.LoginTest"/>
</testsuite> <!-- com.qa.automation.tests.LoginTest -->
